[0m16:31:26.290681 [debug] [MainThread]: Sending event: {'category': 'dbt', 'action': 'invocation', 'label': 'start', 'context': [<snowplow_tracker.self_describing_json.SelfDescribingJson object at 0x000001AA44ADAB90>, <snowplow_tracker.self_describing_json.SelfDescribingJson object at 0x000001AA44FE2190>, <snowplow_tracker.self_describing_json.SelfDescribingJson object at 0x000001AA44AED890>]}


============================== 16:31:26.296464 | 293f2d38-5812-4df4-b88b-c53413d088b6 ==============================
[0m16:31:26.296464 [info ] [MainThread]: Running with dbt=1.6.1
[0m16:31:26.297462 [debug] [MainThread]: running dbt with arguments {'printer_width': '80', 'indirect_selection': 'eager', 'log_cache_events': 'False', 'write_json': 'True', 'partial_parse': 'True', 'cache_selected_only': 'False', 'profiles_dir': 'C:\\Users\\OY! Supra Dimanda\\.dbt', 'version_check': 'True', 'debug': 'False', 'log_path': 'logs', 'warn_error': 'None', 'fail_fast': 'False', 'use_colors': 'True', 'use_experimental_parser': 'False', 'no_print': 'None', 'quiet': 'False', 'warn_error_options': 'WarnErrorOptions(include=[], exclude=[])', 'introspect': 'True', 'static_parser': 'True', 'log_format': 'default', 'target_path': 'None', 'invocation_command': 'dbt init', 'send_anonymous_usage_stats': 'True'}
[0m16:31:26.298460 [warn ] [MainThread]: [ConfigFolderDirectory]: Unable to parse dict {'dir': WindowsPath('C:/Users/OY! Supra Dimanda/.dbt')}
[0m16:31:26.298460 [info ] [MainThread]: Creating dbt configuration folder at 
[0m16:31:55.218005 [debug] [MainThread]: Starter project path: C:\Users\OY! Supra Dimanda\AppData\Roaming\Python\Python311\site-packages\dbt\include\starter_project
[0m16:31:55.445630 [info ] [MainThread]: 
Your new dbt project "needle01" was created!

For more information on how to configure the profiles.yml file,
please consult the dbt documentation here:

  https://docs.getdbt.com/docs/configure-your-profile

One more thing:

Need help? Don't hesitate to reach out to us via GitHub issues or on Slack:

  https://community.getdbt.com/

Happy modeling!

[0m16:31:55.455139 [info ] [MainThread]: Setting up your profile.
[0m16:33:27.953001 [info ] [MainThread]: Profile needle01 written to C:\Users\OY! Supra Dimanda\.dbt\profiles.yml using target's profile_template.yml and your supplied values. Run 'dbt debug' to validate the connection.
[0m16:33:27.954087 [debug] [MainThread]: Command `dbt init` succeeded at 16:33:27.953001 after 121.68 seconds
[0m16:33:27.954087 [debug] [MainThread]: Sending event: {'category': 'dbt', 'action': 'invocation', 'label': 'end', 'context': [<snowplow_tracker.self_describing_json.SelfDescribingJson object at 0x000001AA44AEEC10>, <snowplow_tracker.self_describing_json.SelfDescribingJson object at 0x000001AA453C63D0>, <snowplow_tracker.self_describing_json.SelfDescribingJson object at 0x000001AA45C39F90>]}
[0m16:33:27.954087 [debug] [MainThread]: Flushing usage events
[0m16:36:44.247817 [debug] [MainThread]: Sending event: {'category': 'dbt', 'action': 'invocation', 'label': 'start', 'context': [<snowplow_tracker.self_describing_json.SelfDescribingJson object at 0x0000024ACB1AAB50>, <snowplow_tracker.self_describing_json.SelfDescribingJson object at 0x0000024ACB654D50>, <snowplow_tracker.self_describing_json.SelfDescribingJson object at 0x0000024ACBAE6590>]}


============================== 16:36:44.253336 | e753c3f1-87c8-442c-8553-3cbe180b7111 ==============================
[0m16:36:44.253336 [info ] [MainThread]: Running with dbt=1.6.1
[0m16:36:44.254387 [debug] [MainThread]: running dbt with arguments {'printer_width': '80', 'indirect_selection': 'eager', 'log_cache_events': 'False', 'write_json': 'True', 'partial_parse': 'True', 'cache_selected_only': 'False', 'warn_error': 'None', 'fail_fast': 'False', 'profiles_dir': 'C:\\Users\\OY! Supra Dimanda\\.dbt', 'log_path': 'logs', 'version_check': 'True', 'debug': 'False', 'use_colors': 'True', 'use_experimental_parser': 'False', 'no_print': 'None', 'quiet': 'False', 'log_format': 'default', 'static_parser': 'True', 'warn_error_options': 'WarnErrorOptions(include=[], exclude=[])', 'invocation_command': 'dbt run', 'target_path': 'None', 'introspect': 'True', 'send_anonymous_usage_stats': 'True'}
[0m16:36:44.255387 [error] [MainThread]: Encountered an error:
Runtime Error
  No dbt_project.yml found at expected path C:\Users\OY! Supra Dimanda\Documents\Needle project\dbt_project.yml
  Verify that each entry within packages.yml (and their transitive dependencies) contains a file named dbt_project.yml
  
[0m16:36:44.256383 [debug] [MainThread]: Command `dbt run` failed at 16:36:44.256383 after 0.04 seconds
[0m16:36:44.256383 [debug] [MainThread]: Sending event: {'category': 'dbt', 'action': 'invocation', 'label': 'end', 'context': [<snowplow_tracker.self_describing_json.SelfDescribingJson object at 0x0000024ACB1FA7D0>, <snowplow_tracker.self_describing_json.SelfDescribingJson object at 0x0000024ACB1F9AD0>, <snowplow_tracker.self_describing_json.SelfDescribingJson object at 0x0000024ACB1F92D0>]}
[0m16:36:44.257380 [debug] [MainThread]: Flushing usage events
[0m01:40:29.942826 [debug] [MainThread]: Sending event: {'category': 'dbt', 'action': 'invocation', 'label': 'start', 'context': [<snowplow_tracker.self_describing_json.SelfDescribingJson object at 0x0000024E87D59010>, <snowplow_tracker.self_describing_json.SelfDescribingJson object at 0x0000024E8803AE90>, <snowplow_tracker.self_describing_json.SelfDescribingJson object at 0x0000024E8893EA90>]}


============================== 01:40:29.949340 | 6181fced-aff2-4ef1-a376-85efe25cde8f ==============================
[0m01:40:29.949340 [info ] [MainThread]: Running with dbt=1.6.1
[0m01:40:29.949340 [debug] [MainThread]: running dbt with arguments {'printer_width': '80', 'indirect_selection': 'eager', 'write_json': 'True', 'log_cache_events': 'False', 'partial_parse': 'True', 'cache_selected_only': 'False', 'profiles_dir': 'C:\\Users\\OY! Supra Dimanda\\.dbt', 'fail_fast': 'False', 'warn_error': 'None', 'log_path': 'logs', 'version_check': 'True', 'debug': 'False', 'use_colors': 'True', 'use_experimental_parser': 'False', 'no_print': 'None', 'quiet': 'False', 'warn_error_options': 'WarnErrorOptions(include=[], exclude=[])', 'static_parser': 'True', 'log_format': 'default', 'introspect': 'True', 'target_path': 'None', 'invocation_command': 'dbt run', 'send_anonymous_usage_stats': 'True'}
[0m01:40:29.949340 [error] [MainThread]: Encountered an error:
Runtime Error
  No dbt_project.yml found at expected path C:\Users\OY! Supra Dimanda\Documents\Needle project\dbt_project.yml
  Verify that each entry within packages.yml (and their transitive dependencies) contains a file named dbt_project.yml
  
[0m01:40:29.949340 [debug] [MainThread]: Command `dbt run` failed at 01:40:29.949340 after 0.03 seconds
[0m01:40:29.949340 [debug] [MainThread]: Sending event: {'category': 'dbt', 'action': 'invocation', 'label': 'end', 'context': [<snowplow_tracker.self_describing_json.SelfDescribingJson object at 0x0000024E8804AA10>, <snowplow_tracker.self_describing_json.SelfDescribingJson object at 0x0000024E8803AAD0>, <snowplow_tracker.self_describing_json.SelfDescribingJson object at 0x0000024E88028550>]}
[0m01:40:29.949340 [debug] [MainThread]: Flushing usage events
[0m02:06:42.482197 [debug] [MainThread]: Sending event: {'category': 'dbt', 'action': 'invocation', 'label': 'start', 'context': [<snowplow_tracker.self_describing_json.SelfDescribingJson object at 0x000001E0A8C6B550>, <snowplow_tracker.self_describing_json.SelfDescribingJson object at 0x000001E0A912AED0>, <snowplow_tracker.self_describing_json.SelfDescribingJson object at 0x000001E0A9131350>]}


============================== 02:06:42.482197 | 6f2ba579-aed1-407c-ba54-ce6aefffd369 ==============================
[0m02:06:42.482197 [info ] [MainThread]: Running with dbt=1.6.1
[0m02:06:42.497830 [debug] [MainThread]: running dbt with arguments {'printer_width': '80', 'indirect_selection': 'eager', 'log_cache_events': 'False', 'write_json': 'True', 'partial_parse': 'True', 'cache_selected_only': 'False', 'profiles_dir': 'C:\\Users\\OY! Supra Dimanda\\.dbt', 'debug': 'False', 'fail_fast': 'False', 'log_path': 'logs', 'warn_error': 'None', 'version_check': 'True', 'use_colors': 'True', 'use_experimental_parser': 'False', 'no_print': 'None', 'quiet': 'False', 'log_format': 'default', 'invocation_command': 'dbt test -s fact_order', 'introspect': 'True', 'warn_error_options': 'WarnErrorOptions(include=[], exclude=[])', 'target_path': 'None', 'static_parser': 'True', 'send_anonymous_usage_stats': 'True'}
[0m02:06:42.497830 [error] [MainThread]: Encountered an error:
Runtime Error
  No dbt_project.yml found at expected path C:\Users\OY! Supra Dimanda\Documents\Needle project\dbt_project.yml
  Verify that each entry within packages.yml (and their transitive dependencies) contains a file named dbt_project.yml
  
[0m02:06:42.504502 [debug] [MainThread]: Command `dbt test` failed at 02:06:42.497830 after 0.10 seconds
[0m02:06:42.504502 [debug] [MainThread]: Sending event: {'category': 'dbt', 'action': 'invocation', 'label': 'end', 'context': [<snowplow_tracker.self_describing_json.SelfDescribingJson object at 0x000001E0A9101CD0>, <snowplow_tracker.self_describing_json.SelfDescribingJson object at 0x000001E0A8CA73D0>, <snowplow_tracker.self_describing_json.SelfDescribingJson object at 0x000001E0A912A610>]}
[0m02:06:42.506007 [debug] [MainThread]: Flushing usage events
